Build started 01/09/2011 16:26:34.
     1>Project "C:\Users\ricki naim\Desktop\opensurf\OpenSURFcpp\OpenSURF2008.vcxproj" on node 2 (build target(s)).
     1>InitializeBuildStatus:
         Creating "C:\Users\ricki naim\Desktop\opensurf\OpenSURFcpp\\vs2008\Debug\bin\OpenSURF2008.unsuccessfulbuild" because "AlwaysCreate" was specified.
       ClCompile:
         c:\Program Files (x86)\Microsoft Visual Studio 10.0\VC\bin\CL.exe /c /ZI /nologo /W3 /WX- /Od /Oy- /D _MBCS /Gm /EHsc /RTC1 /MDd /GS /fp:precise /Zc:wchar_t /Zc:forScope /Fo"C:\Users\ricki naim\Desktop\opensurf\OpenSURFcpp\\vs2008\Debug\bin\\" /Fd"C:\Users\ricki naim\Desktop\opensurf\OpenSURFcpp\\vs2008\Debug\bin\vc100.pdb" /Gd /TP /analyze- /errorReport:prompt src\main.cpp
         main.cpp
     1>c:\users\ricki naim\desktop\opensurf\opensurfcpp\src\main.cpp(124): warning C4305: 'return' : truncation from 'int' to 'char'
     1>c:\users\ricki naim\desktop\opensurf\opensurfcpp\src\main.cpp(124): warning C4309: 'return' : truncation of constant value
     1>c:\users\ricki naim\desktop\opensurf\opensurfcpp\src\main.cpp(129): warning C4715: 'Match' : not all control paths return a value
       Link:
         c:\Program Files (x86)\Microsoft Visual Studio 10.0\VC\bin\link.exe /ERRORREPORT:PROMPT /OUT:"C:\Users\ricki naim\Desktop\opensurf\OpenSURFcpp\\vs2008\Debug\OpenSURF2008.exe" /NOLOGO "C:\Program Files\OpenCV2.2\lib\opencv_core220d.lib" "C:\Program Files\OpenCV2.2\lib\opencv_highgui220d.lib" "C:\Program Files\OpenCV2.2\lib\opencv_video220d.lib" "C:\Program Files\OpenCV2.2\lib\opencv_ml220d.lib" "C:\Program Files\OpenCV2.2\lib\opencv_legacy220d.lib" "C:\Program Files\OpenCV2.2\lib\opencv_imgproc220d.lib" "C:\Program Files\OpenCV2.2\lib\opencv_calib3d220d.lib" kernel32.lib user32.lib gdi32.lib winspool.lib comdlg32.lib advapi32.lib shell32.lib ole32.lib oleaut32.lib uuid.lib odbc32.lib odbccp32.lib /MANIFEST /ManifestFile:"C:\Users\ricki naim\Desktop\opensurf\OpenSURFcpp\\vs2008\Debug\bin\OpenSURF2008.exe.intermediate.manifest" /MANIFESTUAC:"level='asInvoker' uiAccess='false'" /DEBUG /PDB:"C:\Users\ricki naim\Desktop\opensurf\OpenSURFcpp\vs2008\Debug\OpenSURF2008.pdb" /TLBID:1 /DYNAMICBASE /NXCOMPAT /IMPLIB:"C:\Users\ricki naim\Desktop\opensurf\OpenSURFcpp\\vs2008\Debug\OpenSURF2008.lib" /MACHINE:X86 "C:\Users\ricki naim\Desktop\opensurf\OpenSURFcpp\\vs2008\Debug\bin\main1.obj"
         "C:\Users\ricki naim\Desktop\opensurf\OpenSURFcpp\\vs2008\Debug\bin\fasthessian.obj"
         "C:\Users\ricki naim\Desktop\opensurf\OpenSURFcpp\\vs2008\Debug\bin\integral.obj"
         "C:\Users\ricki naim\Desktop\opensurf\OpenSURFcpp\\vs2008\Debug\bin\ipoint.obj"
         "C:\Users\ricki naim\Desktop\opensurf\OpenSURFcpp\\vs2008\Debug\bin\main.obj"
         "C:\Users\ricki naim\Desktop\opensurf\OpenSURFcpp\\vs2008\Debug\bin\surf.obj"
         "C:\Users\ricki naim\Desktop\opensurf\OpenSURFcpp\\vs2008\Debug\bin\utils.obj"
         LINK : C:\Users\ricki naim\Desktop\opensurf\OpenSURFcpp\\vs2008\Debug\OpenSURF2008.exe not found or not built by the last incremental link; performing full link
         OpenSURF2008.vcxproj -> C:\Users\ricki naim\Desktop\opensurf\OpenSURFcpp\\vs2008\Debug\OpenSURF2008.exe
       Manifest:
         C:\Program Files (x86)\Microsoft SDKs\Windows\v7.0A\bin\mt.exe /nologo /verbose /outputresource:"C:\Users\ricki naim\Desktop\opensurf\OpenSURFcpp\\vs2008\Debug\OpenSURF2008.exe;#1" /manifest "C:\Users\ricki naim\Desktop\opensurf\OpenSURFcpp\\vs2008\Debug\bin\OpenSURF2008.exe.intermediate.manifest"
       FinalizeBuildStatus:
         Deleting file "C:\Users\ricki naim\Desktop\opensurf\OpenSURFcpp\\vs2008\Debug\bin\OpenSURF2008.unsuccessfulbuild".
         Touching "C:\Users\ricki naim\Desktop\opensurf\OpenSURFcpp\\vs2008\Debug\bin\OpenSURF2008.lastbuildstate".
     1>Done Building Project "C:\Users\ricki naim\Desktop\opensurf\OpenSURFcpp\OpenSURF2008.vcxproj" (build target(s)).

Build succeeded.

Time Elapsed 00:00:05.84
